<?xml version="1.0" encoding="utf-8"?><testsuites name="pytest tests"><testsuite name="pytest" errors="0" failures="0" skipped="0" tests="9" time="1.487" timestamp="2026-05-02T23:09:41.570427+00:00" hostname="agent-env-9d568575-dcac-4ea0-9db1-90e50337c7a1"><testcase classname="backend.tests.test_iter3_new_endpoints.TestPrice" name="test_price_myst" time="0.366" /><testcase classname="backend.tests.test_iter3_new_endpoints.TestPrice" name="test_overview_includes_price" time="0.046" /><testcase classname="backend.tests.test_iter3_new_endpoints.TestOnchain" name="test_onchain_withdrawals" time="0.526" /><testcase classname="backend.tests.test_iter3_new_endpoints.TestIngest" name="test_ingest_without_secret_401" time="0.053" /><testcase classname="backend.tests.test_iter3_new_endpoints.TestIngest" name="test_ingest_with_secret_ok_and_offline_alert" time="0.206" /><testcase classname="backend.tests.test_iter3_new_endpoints.TestBridge" name="test_bridge_install" time="0.043" /><testcase classname="backend.tests.test_iter3_new_endpoints.TestBridge" name="test_bridge_download" time="0.043" /><testcase classname="backend.tests.test_iter3_new_endpoints.TestTelegram" name="test_status_unconfigured" time="0.044" /><testcase classname="backend.tests.test_iter3_new_endpoints.TestTelegram" name="test_test_unconfigured" time="0.044" /></testsuite></testsuites>