<?xml version="1.0" encoding="utf-8"?><testsuites name="pytest tests"><testsuite name="pytest" errors="0" failures="0" skipped="0" tests="10" time="20.226" timestamp="2026-05-02T22:35:23.253900+00:00" hostname="agent-env-9d568575-dcac-4ea0-9db1-90e50337c7a1"><testcase classname="backend.tests.test_mystnodes_api" name="test_overview" time="0.250" /><testcase classname="backend.tests.test_mystnodes_api" name="test_nodes_list" time="0.055" /><testcase classname="backend.tests.test_mystnodes_api" name="test_node_detail_with_history" time="0.119" /><testcase classname="backend.tests.test_mystnodes_api" name="test_node_detail_404" time="0.047" /><testcase classname="backend.tests.test_mystnodes_api" name="test_history_30" time="0.047" /><testcase classname="backend.tests.test_mystnodes_api" name="test_alerts_sorted_desc" time="0.050" /><testcase classname="backend.tests.test_mystnodes_api" name="test_refresh_mutates" time="0.151" /><testcase classname="backend.tests.test_mystnodes_api" name="test_ai_chat_and_history" time="1.924" /><testcase classname="backend.tests.test_mystnodes_api" name="test_ai_insights" time="13.507" /><testcase classname="backend.tests.test_mystnodes_api" name="test_ai_forecast" time="3.913" /></testsuite></testsuites>