<?xml version="1.0" encoding="utf-8"?><testsuites name="pytest tests"><testsuite name="pytest" errors="0" failures="0" skipped="0" tests="16" time="1.493" timestamp="2026-05-03T09:09:10.733104+00:00" hostname="agent-env-10c96f72-aa0b-470d-9d81-28958172001f"><testcase classname="backend.tests.backend_test.TestHealth" name="test_root" time="0.163" /><testcase classname="backend.tests.backend_test.TestCoins" name="test_coins_list" time="0.294" /><testcase classname="backend.tests.backend_test.TestCoins" name="test_litecoin_has_doge_merge" time="0.049" /><testcase classname="backend.tests.backend_test.TestRigs" name="test_all_rigs" time="0.048" /><testcase classname="backend.tests.backend_test.TestRigs" name="test_profitable_only_filter" time="0.047" /><testcase classname="backend.tests.backend_test.TestRigs" name="test_filter_by_algo_sha256" time="0.048" /><testcase classname="backend.tests.backend_test.TestRigs" name="test_sort_by_roi" time="0.045" /><testcase classname="backend.tests.backend_test.TestRigs" name="test_sort_by_payback" time="0.053" /><testcase classname="backend.tests.backend_test.TestRigs" name="test_sort_by_price" time="0.051" /><testcase classname="backend.tests.backend_test.TestRigDetail" name="test_known_rig" time="0.046" /><testcase classname="backend.tests.backend_test.TestRigDetail" name="test_ltc_rig_has_doge_breakdown" time="0.045" /><testcase classname="backend.tests.backend_test.TestRigDetail" name="test_invalid_rig_returns_404" time="0.048" /><testcase classname="backend.tests.backend_test.TestCalculate" name="test_calc_btc" time="0.045" /><testcase classname="backend.tests.backend_test.TestCalculate" name="test_calc_invalid_coin" time="0.049" /><testcase classname="backend.tests.backend_test.TestCalculate" name="test_calc_negative_inputs_rejected" time="0.050" /><testcase classname="backend.tests.backend_test.TestStats" name="test_stats" time="0.223" /></testsuite></testsuites>