<?xml version="1.0" encoding="utf-8"?><testsuites name="pytest tests"><testsuite name="pytest" errors="0" failures="0" skipped="0" tests="4" time="29.085" timestamp="2026-05-02T22:49:04.968658+00:00" hostname="agent-env-9d568575-dcac-4ea0-9db1-90e50337c7a1"><testcase classname="backend.tests.test_wallet_profit.TestSettings" name="test_get_settings" time="0.295" /><testcase classname="backend.tests.test_wallet_profit.TestSettings" name="test_post_settings_upsert" time="0.068" /><testcase classname="backend.tests.test_wallet_profit.TestWithdrawals" name="test_get_withdrawals" time="0.057" /><testcase classname="backend.tests.test_wallet_profit.TestProfitOptimizer" name="test_profit_optimizer" time="28.572" /></testsuite></testsuites>